<?xml version="1.0" encoding="UTF-8"?>
<!-- Generated by org.testng.reporters.JUnitReportReporter -->
<testsuite hostname="lcs-MacBook-Pro" failures="0" tests="5" name="login.LoginTest" time="121.117" errors="0" timestamp="2023-04-27T21:22:58 AEST" skipped="0">
  <testcase classname="login.LoginTest" name="testFailed" time="22.895"/>
  <system-out/>
  <testcase classname="login.LoginTest" name="testFailedLogin" time="24.157"/>
  <system-out/>
  <testcase classname="login.LoginTest" name="testFailedWithOutEmail" time="24.023"/>
  <system-out/>
  <testcase classname="login.LoginTest" name="testFailedWithOutPassword" time="23.742"/>
  <system-out/>
  <testcase classname="login.LoginTest" name="testSuccessfulLogin" time="26.300"/>
  <system-out/>
</testsuite> <!-- login.LoginTest -->
